ISim log file
Running: D:\Statistics\code\CA\lab2\2018_topic2_student_tyy\2018_topic2_student\sim_mips_isim_beh.exe -intstyle ise -gui -tclbatch isim.cmd -wdb D:/Statistics/code/CA/lab2/2018_topic2_student_tyy/2018_topic2_student/sim_mips_isim_beh.wdb 
ISim P.20131013 (signature 0x7708f090)
This is a Full version of ISim.
Time resolution is 1 ps
# onerror resume
# wave add /
# run 1000 ns
Simulator is doing circuit initialization process.
Finished circuit initialization process.
# show driver /sim_mips/uut/inst_data
/sim_mips/uut/inst_data has no drivers.
# restart
# run 1.00us
Simulator is doing circuit initialization process.
Finished circuit initialization process.
# restart
# run 1.00us
Simulator is doing circuit initialization process.
Finished circuit initialization process.
