Running: D:\Software\ISE\14.7\ISE_DS\ISE\bin\nt64\unwrapped\fuse.exe -intstyle ise -incremental -lib unisims_ver -lib unimacro_ver -lib xilinxcorelib_ver -lib secureip -o D:/Statistics/code/CA/lab2/2018_topic2_student_tyy/2018_topic2_student/sim_mips_isim_beh.exe -prj D:/Statistics/code/CA/lab2/2018_topic2_student_tyy/2018_topic2_student/sim_mips_beh.prj work.sim_mips work.glbl 
ISim P.20131013 (signature 0x7708f090)
Number of CPUs detected in this system: 8
Turning on mult-threading, number of parallel sub-compilation jobs: 16 
Determining compilation order of HDL files
Analyzing Verilog file "D:/Statistics/code/CA/lab2/2018_topic2_student_tyy/2018_topic2_student/regfile.v" into library work
Analyzing Verilog file "D:/Statistics/code/CA/lab2/2018_topic2_student_tyy/2018_topic2_student/alu.v" into library work
Analyzing Verilog file "D:/Statistics/code/CA/lab2/2018_topic2_student_tyy/2018_topic2_student/datapath.v" into library work
Analyzing Verilog file "D:/Statistics/code/CA/lab2/2018_topic2_student_tyy/2018_topic2_student/controller.v" into library work
Analyzing Verilog file "D:/Statistics/code/CA/lab2/2018_topic2_student_tyy/2018_topic2_student/mips_core.v" into library work
Analyzing Verilog file "D:/Statistics/code/CA/lab2/2018_topic2_student_tyy/2018_topic2_student/inst_rom.v" into library work
Analyzing Verilog file "D:/Statistics/code/CA/lab2/2018_topic2_student_tyy/2018_topic2_student/data_ram.v" into library work
Analyzing Verilog file "D:/Statistics/code/CA/lab2/2018_topic2_student_tyy/2018_topic2_student/mips.v" into library work
Analyzing Verilog file "D:/Statistics/code/CA/lab2/2018_topic2_student_tyy/2018_topic2_student/sim_mips.v" into library work
Analyzing Verilog file "D:/Software/ISE/14.7/ISE_DS/ISE//verilog/src/glbl.v" into library work
Starting static elaboration
Completed static elaboration
Compiling module controller
Compiling module regfile
Compiling module alu
Compiling module datapath
Compiling module mips_core
Compiling module inst_rom
Compiling module data_ram
Compiling module mips
Compiling module sim_mips
Compiling module glbl
Time Resolution for simulation is 1ps.
Waiting for 1 sub-compilation(s) to finish...
Compiled 10 Verilog Units
Built simulation executable D:/Statistics/code/CA/lab2/2018_topic2_student_tyy/2018_topic2_student/sim_mips_isim_beh.exe
Fuse Memory Usage: 29780 KB
Fuse CPU Usage: 953 ms
